TN:
SF:script/DeployRaffle.s.sol
DA:12,18
FN:12,DeployRaffle.run
FNDA:18,DeployRaffle.run
DA:13,18
DA:14,18
DA:17,1
FN:17,DeployRaffle.deployContract
FNDA:1,DeployRaffle.deployContract
DA:18,19
DA:19,19
DA:21,19
BRDA:21,0,0,19
DA:23,19
DA:24,19
DA:27,19
DA:28,19
DA:31,19
DA:32,19
DA:41,19
DA:43,19
DA:46,19
DA:48,19
FNF:2
FNH:2
LF:17
LH:17
BRF:1
BRH:1
end_of_record
TN:
SF:script/HelperConfig.s.sol
DA:29,22
FN:29,HelperConfig.constructor
FNDA:22,HelperConfig.constructor
DA:30,22
DA:31,22
DA:32,22
DA:33,22
DA:34,22
DA:37,41
FN:37,HelperConfig.getConfig
FNDA:41,HelperConfig.getConfig
DA:38,41
DA:41,23
FN:41,HelperConfig.getSepoliaEthConfig
FNDA:23,HelperConfig.getSepoliaEthConfig
DA:42,23
DA:54,23
FN:54,HelperConfig.getSepoliaArbitrumConfig
FNDA:23,HelperConfig.getSepoliaArbitrumConfig
DA:55,23
DA:67,23
FN:67,HelperConfig.getOrCreateAnvilConfig
FNDA:23,HelperConfig.getOrCreateAnvilConfig
DA:68,23
BRDA:68,0,0,1
DA:69,1
DA:72,22
DA:73,22
DA:79,22
DA:81,22
DA:83,22
DA:94,22
FNF:5
FNH:5
LF:21
LH:21
BRF:1
BRH:1
end_of_record
TN:
SF:script/Interactions.s.sol
DA:13,0
FN:13,CreateSubscription.run.0
FNDA:0,CreateSubscription.run.0
DA:14,0
DA:17,0
FN:17,CreateSubscription.createSubscriptionUsingConfig
FNDA:0,CreateSubscription.createSubscriptionUsingConfig
DA:18,0
DA:19,0
DA:22,0
DA:23,0
DA:26,19
FN:26,CreateSubscription.createSubscription
FNDA:19,CreateSubscription.createSubscription
DA:27,19
DA:28,19
DA:29,19
DA:30,19
DA:32,19
DA:33,19
DA:34,19
DA:42,0
FN:42,FundSubscription.run.1
FNDA:0,FundSubscription.run.1
DA:43,0
DA:46,0
FN:46,FundSubscription.fundSubscriptionUsingConfig
FNDA:0,FundSubscription.fundSubscriptionUsingConfig
DA:47,0
DA:48,0
DA:49,0
DA:50,0
DA:52,0
DA:55,19
FN:55,FundSubscription.fundSubscription
FNDA:19,FundSubscription.fundSubscription
DA:56,19
DA:63,19
BRDA:63,0,0,19
BRDA:63,0,1,-
DA:65,19
DA:66,19
DA:67,19
DA:70,0
DA:71,0
DA:72,0
DA:75,19
DA:81,0
FN:81,AddConsumer.addConsumerUsingConfig
FNDA:0,AddConsumer.addConsumerUsingConfig
DA:82,0
DA:83,0
DA:84,0
DA:86,0
DA:89,0
FN:89,AddConsumer.run.2
FNDA:0,AddConsumer.run.2
DA:90,0
DA:91,0
DA:94,19
FN:94,AddConsumer.addConsumer
FNDA:19,AddConsumer.addConsumer
DA:95,19
DA:96,19
DA:98,19
DA:99,19
DA:100,19
FNF:9
FNH:3
LF:47
LH:21
BRF:2
BRH:1
end_of_record
TN:
SF:src/Raffle.sol
DA:111,19
FN:111,Raffle.constructor
FNDA:19,Raffle.constructor
DA:120,19
DA:121,19
DA:122,19
DA:123,19
DA:124,19
DA:125,19
DA:126,19
DA:127,19
DA:131,17
FN:131,Raffle.enterRaffle
FNDA:17,Raffle.enterRaffle
DA:132,17
BRDA:132,0,0,1
DA:133,1
DA:136,16
BRDA:136,1,0,1
DA:137,1
DA:140,15
DA:142,15
DA:143,15
DA:145,15
BRDA:145,2,0,15
DA:146,15
DA:147,15
DA:150,15
DA:165,3
FN:165,Raffle.checkUpkeep
FNDA:3,Raffle.checkUpkeep
DA:176,6
DA:182,3
FN:182,Raffle.performUpkeep
FNDA:3,Raffle.performUpkeep
DA:188,3
DA:189,3
BRDA:189,3,0,1
DA:190,1
DA:192,2
DA:202,2
DA:205,2
DA:220,0
FN:220,Raffle.fulfillRandomWords
FNDA:0,Raffle.fulfillRandomWords
DA:221,0
DA:222,0
DA:223,0
DA:224,0
DA:225,0
DA:226,0
DA:227,0
DA:228,0
DA:230,0
DA:231,0
DA:232,0
DA:233,0
DA:235,0
DA:236,0
BRDA:236,4,0,-
DA:237,0
DA:245,1
FN:245,Raffle.getEntranceFee
FNDA:1,Raffle.getEntranceFee
DA:246,1
DA:249,1
FN:249,Raffle.getRafflePool
FNDA:1,Raffle.getRafflePool
DA:250,1
DA:253,1
FN:253,Raffle.getNumberOfTickets
FNDA:1,Raffle.getNumberOfTickets
DA:254,1
DA:257,1
FN:257,Raffle.getMinimumPlayers
FNDA:1,Raffle.getMinimumPlayers
DA:258,1
DA:261,1
FN:261,Raffle.getRaffleDuration
FNDA:1,Raffle.getRaffleDuration
DA:262,1
DA:265,1
FN:265,Raffle.getRaffleStartTime
FNDA:1,Raffle.getRaffleStartTime
DA:266,1
DA:269,1
FN:269,Raffle.getTotalTickets
FNDA:1,Raffle.getTotalTickets
DA:270,1
DA:273,2
FN:273,Raffle.getRaffleState
FNDA:2,Raffle.getRaffleState
DA:274,2
DA:277,1
FN:277,Raffle.getRaffleEntrant
FNDA:1,Raffle.getRaffleEntrant
DA:278,1
DA:281,1
FN:281,Raffle.isUserInRaffle
FNDA:1,Raffle.isUserInRaffle
DA:282,1
FNF:15
FNH:14
LF:66
LH:50
BRF:5
BRH:4
end_of_record
TN:
SF:test/mocks/LinkToken.sol
DA:19,22
FN:19,LinkToken.constructor
FNDA:22,LinkToken.constructor
DA:20,22
DA:23,0
FN:23,LinkToken.mint
FNDA:0,LinkToken.mint
DA:24,0
DA:35,0
FN:35,LinkToken.transferAndCall
FNDA:0,LinkToken.transferAndCall
DA:36,0
DA:38,0
DA:39,0
BRDA:39,0,0,-
DA:40,0
DA:42,0
DA:46,0
FN:46,LinkToken.name
FNDA:0,LinkToken.name
DA:47,0
DA:51,0
FN:51,LinkToken.symbol
FNDA:0,LinkToken.symbol
DA:52,0
DA:57,0
FN:57,LinkToken.contractFallback
FNDA:0,LinkToken.contractFallback
DA:58,0
DA:59,0
DA:62,0
FN:62,LinkToken.isContract
FNDA:0,LinkToken.isContract
DA:63,0
DA:65,0
DA:67,0
FNF:7
FNH:1
LF:21
LH:2
BRF:1
BRH:0
end_of_record
