TN:
SF:script/DeployRaffle.s.sol
DA:12,22
FN:12,DeployRaffle.run
FNDA:22,DeployRaffle.run
DA:13,22
DA:14,22
DA:17,1
FN:17,DeployRaffle.deployContract
FNDA:1,DeployRaffle.deployContract
DA:18,23
DA:19,23
DA:21,23
BRDA:21,0,0,23
DA:23,23
DA:24,23
DA:27,23
DA:28,23
DA:31,23
DA:32,23
DA:41,23
DA:43,23
DA:46,23
DA:48,23
FNF:2
FNH:2
LF:17
LH:17
BRF:1
BRH:1
end_of_record
TN:
SF:script/HelperConfig.s.sol
DA:29,26
FN:29,HelperConfig.constructor
FNDA:26,HelperConfig.constructor
DA:30,26
DA:31,26
DA:32,26
DA:33,26
DA:34,26
DA:37,49
FN:37,HelperConfig.getConfig
FNDA:49,HelperConfig.getConfig
DA:38,49
DA:41,27
FN:41,HelperConfig.getSepoliaEthConfig
FNDA:27,HelperConfig.getSepoliaEthConfig
DA:42,27
DA:54,27
FN:54,HelperConfig.getSepoliaArbitrumConfig
FNDA:27,HelperConfig.getSepoliaArbitrumConfig
DA:55,27
DA:67,27
FN:67,HelperConfig.getOrCreateAnvilConfig
FNDA:27,HelperConfig.getOrCreateAnvilConfig
DA:68,27
BRDA:68,0,0,1
DA:69,1
DA:72,26
DA:73,26
DA:79,26
DA:81,26
DA:83,26
DA:94,26
FNF:5
FNH:5
LF:21
LH:21
BRF:1
BRH:1
end_of_record
TN:
SF:script/Interactions.s.sol
DA:13,0
FN:13,CreateSubscription.run.0
FNDA:0,CreateSubscription.run.0
DA:14,0
DA:17,0
FN:17,CreateSubscription.createSubscriptionUsingConfig
FNDA:0,CreateSubscription.createSubscriptionUsingConfig
DA:18,0
DA:19,0
DA:22,0
DA:23,0
DA:26,23
FN:26,CreateSubscription.createSubscription
FNDA:23,CreateSubscription.createSubscription
DA:27,23
DA:28,23
DA:29,23
DA:30,23
DA:32,23
DA:33,23
DA:34,23
DA:42,0
FN:42,FundSubscription.run.1
FNDA:0,FundSubscription.run.1
DA:43,0
DA:46,0
FN:46,FundSubscription.fundSubscriptionUsingConfig
FNDA:0,FundSubscription.fundSubscriptionUsingConfig
DA:47,0
DA:48,0
DA:49,0
DA:50,0
DA:52,0
DA:55,23
FN:55,FundSubscription.fundSubscription
FNDA:23,FundSubscription.fundSubscription
DA:56,23
DA:63,23
BRDA:63,0,0,23
BRDA:63,0,1,-
DA:65,23
DA:68,23
DA:69,23
DA:72,0
DA:73,0
DA:74,0
DA:77,23
DA:83,0
FN:83,AddConsumer.addConsumerUsingConfig
FNDA:0,AddConsumer.addConsumerUsingConfig
DA:84,0
DA:85,0
DA:86,0
DA:88,0
DA:91,0
FN:91,AddConsumer.run.2
FNDA:0,AddConsumer.run.2
DA:92,0
DA:93,0
DA:96,23
FN:96,AddConsumer.addConsumer
FNDA:23,AddConsumer.addConsumer
DA:97,23
DA:98,23
DA:100,23
DA:101,23
DA:102,23
FNF:9
FNH:3
LF:47
LH:21
BRF:2
BRH:1
end_of_record
TN:
SF:src/Raffle.sol
DA:118,23
FN:118,Raffle.constructor
FNDA:23,Raffle.constructor
DA:127,23
DA:128,23
DA:129,23
DA:130,23
DA:131,23
DA:132,23
DA:133,23
DA:134,23
DA:138,794
FN:138,Raffle.enterRaffle
FNDA:794,Raffle.enterRaffle
DA:139,794
BRDA:139,0,0,1
DA:140,1
DA:143,793
BRDA:143,1,0,1
DA:144,1
DA:147,792
DA:149,792
DA:150,792
DA:152,792
BRDA:152,2,0,792
DA:153,792
DA:154,792
DA:157,792
DA:172,3
FN:172,Raffle.checkUpkeep
FNDA:3,Raffle.checkUpkeep
DA:183,9
DA:189,6
FN:189,Raffle.performUpkeep
FNDA:6,Raffle.performUpkeep
DA:195,6
DA:196,6
BRDA:196,3,0,1
DA:197,1
DA:199,5
DA:209,5
DA:212,5
DA:226,5
DA:230,2
FN:230,Raffle.fulfillRandomWords
FNDA:2,Raffle.fulfillRandomWords
DA:231,2
DA:232,2
DA:233,2
DA:234,2
DA:235,2
DA:236,6
DA:237,6
DA:238,6
DA:240,2
DA:241,2
DA:242,2
DA:243,2
DA:246,2
DA:247,2
BRDA:247,4,0,1
DA:249,1
DA:250,1
DA:258,1
FN:258,Raffle.getEntranceFee
FNDA:1,Raffle.getEntranceFee
DA:259,1
DA:262,2
FN:262,Raffle.getRafflePool
FNDA:2,Raffle.getRafflePool
DA:263,2
DA:266,1
FN:266,Raffle.getNumberOfTickets
FNDA:1,Raffle.getNumberOfTickets
DA:267,1
DA:270,1
FN:270,Raffle.getMinimumPlayers
FNDA:1,Raffle.getMinimumPlayers
DA:271,1
DA:274,1
FN:274,Raffle.getRaffleDuration
FNDA:1,Raffle.getRaffleDuration
DA:275,1
DA:278,3
FN:278,Raffle.getRaffleStartTime
FNDA:3,Raffle.getRaffleStartTime
DA:279,3
DA:282,1
FN:282,Raffle.getTotalTickets
FNDA:1,Raffle.getTotalTickets
DA:283,1
DA:286,4
FN:286,Raffle.getRaffleState
FNDA:4,Raffle.getRaffleState
DA:287,4
DA:290,1
FN:290,Raffle.getRaffleEntrant
FNDA:1,Raffle.getRaffleEntrant
DA:291,1
DA:294,1
FN:294,Raffle.isUserInRaffle
FNDA:1,Raffle.isUserInRaffle
DA:295,1
DA:298,1
FN:298,Raffle.getRecentWinner
FNDA:1,Raffle.getRecentWinner
DA:299,1
FNF:16
FNH:16
LF:70
LH:70
BRF:5
BRH:5
end_of_record
TN:
SF:test/mocks/LinkToken.sol
DA:19,26
FN:19,LinkToken.constructor
FNDA:26,LinkToken.constructor
DA:20,26
DA:23,0
FN:23,LinkToken.mint
FNDA:0,LinkToken.mint
DA:24,0
DA:35,0
FN:35,LinkToken.transferAndCall
FNDA:0,LinkToken.transferAndCall
DA:36,0
DA:38,0
DA:39,0
BRDA:39,0,0,-
DA:40,0
DA:42,0
DA:46,0
FN:46,LinkToken.name
FNDA:0,LinkToken.name
DA:47,0
DA:51,0
FN:51,LinkToken.symbol
FNDA:0,LinkToken.symbol
DA:52,0
DA:57,0
FN:57,LinkToken.contractFallback
FNDA:0,LinkToken.contractFallback
DA:58,0
DA:59,0
DA:62,0
FN:62,LinkToken.isContract
FNDA:0,LinkToken.isContract
DA:63,0
DA:65,0
DA:67,0
FNF:7
FNH:1
LF:21
LH:2
BRF:1
BRH:0
end_of_record
TN:
SF:test/unit/RaffleTest.t.sol
DA:14,1
FN:14,IOnlyRejectEther.receive
FNDA:1,IOnlyRejectEther.receive
FNF:1
FNH:1
LF:1
LH:1
BRF:0
BRH:0
end_of_record
